https://twitter.com/i/search/timeline?vertical=default&src=unkn&include_available_features=1&include_entities=1&max_position=-1&reset_error_state=false&f=tweets&l=en&lang=en&q=%20cancer%20AND%20covid-19%20since%3A"2020-02-23"
https://twitter.com/i/search/timeline?vertical=default&src=unkn&include_available_features=1&include_entities=1&max_position=thGAVUV0VFVBaAgLXtmL2ejyMWgMC1jfCLoY8jEjUAFQAlAFUAFQAA&reset_error_state=false&f=tweets&l=en&lang=en&q=%20cancer%20AND%20covid-19%20since%3A"2020-02-23"
https://twitter.com/i/search/timeline?vertical=default&src=unkn&include_available_features=1&include_entities=1&max_position=thGAVUV0VFVBaAwKe1l4ScjyMWgMC1jfCLoY8jEjUAFQAlAFUAFQAA&reset_error_state=false&f=tweets&l=en&lang=en&q=%20cancer%20AND%20covid-19%20since%3A"2020-02-23"
https://twitter.com/i/search/timeline?vertical=default&src=unkn&include_available_features=1&include_entities=1&max_position=thGAVUV0VFVBaEgKap0teYjyMWgMC1jfCLoY8jEjUAFQAlAFUAFQAA&reset_error_state=false&f=tweets&l=en&lang=en&q=%20cancer%20AND%20covid-19%20since%3A"2020-02-23"
https://twitter.com/i/search/timeline?vertical=default&src=unkn&include_available_features=1&include_entities=1&max_position=thGAVUV0VFVBaGwKbxwZmWjyMWgMC1jfCLoY8jEjUAFQAlAFUAFQAA&reset_error_state=false&f=tweets&l=en&lang=en&q=%20cancer%20AND%20covid-19%20since%3A"2020-02-23"
https://twitter.com/i/search/timeline?vertical=default&src=unkn&include_available_features=1&include_entities=1&max_position=thGAVUV0VFVBaAwLzFibSTjyMWgMC1jfCLoY8jEjUAFQAlAFUAFQAA&reset_error_state=false&f=tweets&l=en&lang=en&q=%20cancer%20AND%20covid-19%20since%3A"2020-02-23"
https://twitter.com/i/search/timeline?vertical=default&src=unkn&include_available_features=1&include_entities=1&max_position=thGAVUV0VFVBaGgLuF2ZiQjyMWgMC1jfCLoY8jEjUAFQAlAFUAFQAA&reset_error_state=false&f=tweets&l=en&lang=en&q=%20cancer%20AND%20covid-19%20since%3A"2020-02-23"
https://twitter.com/i/search/timeline?vertical=default&src=unkn&include_available_features=1&include_entities=1&max_position=thGAVUV0VFVBaOwLzN-eWLjyMWgMC1jfCLoY8jEjUAFQAlAFUAFQAA&reset_error_state=false&f=tweets&l=en&lang=en&q=%20cancer%20AND%20covid-19%20since%3A"2020-02-23"
https://twitter.com/i/search/timeline?vertical=default&src=unkn&include_available_features=1&include_entities=1&max_position=thGAVUV0VFVBaCgLrhmOiIjyMWgMC1jfCLoY8jEjUAFQAlAFUAFQAA&reset_error_state=false&f=tweets&l=en&lang=en&q=%20cancer%20AND%20covid-19%20since%3A"2020-02-23"
https://twitter.com/i/search/timeline?vertical=default&src=unkn&include_available_features=1&include_entities=1&max_position=thGAVUV0VFVBaAwLWh05eFjyMWgMC1jfCLoY8jEjUAFQAlAFUAFQAA&reset_error_state=false&f=tweets&l=en&lang=en&q=%20cancer%20AND%20covid-19%20since%3A"2020-02-23"
https://twitter.com/i/search/timeline?vertical=default&src=unkn&include_available_features=1&include_entities=1&max_position=thGAVUV0VFVBaAgLDx5ej_jiMWgMC1jfCLoY8jEjUAFQAlAFUAFQAA&reset_error_state=false&f=tweets&l=en&lang=en&q=%20cancer%20AND%20covid-19%20since%3A"2020-02-23"
https://twitter.com/i/search/timeline?vertical=default&src=unkn&include_available_features=1&include_entities=1&max_position=thGAVUV0VFVBaAgLuBwJX7jiMWgMC1jfCLoY8jEjUAFQAlAFUAFQAA&reset_error_state=false&f=tweets&l=en&lang=en&q=%20cancer%20AND%20covid-19%20since%3A"2020-02-23"
https://twitter.com/i/search/timeline?vertical=default&src=unkn&include_available_features=1&include_entities=1&max_position=thGAVUV0VFVBaAgLCd2Mn3jiMWgMC1jfCLoY8jEjUAFQAlAFUAFQAA&reset_error_state=false&f=tweets&l=en&lang=en&q=%20cancer%20AND%20covid-19%20since%3A"2020-02-23"
https://twitter.com/i/search/timeline?vertical=default&src=unkn&include_available_features=1&include_entities=1&max_position=thGAVUV0VFVBaCgLyxquzvjiMWgMC1jfCLoY8jEjUAFQAlAFUAFQAA&reset_error_state=false&f=tweets&l=en&lang=en&q=%20cancer%20AND%20covid-19%20since%3A"2020-02-23"
https://twitter.com/i/search/timeline?vertical=default&src=unkn&include_available_features=1&include_entities=1&max_position=thGAVUV0VFVBaCgLD5morljiMWgMC1jfCLoY8jEjUAFQAlAFUAFQAA&reset_error_state=false&f=tweets&l=en&lang=en&q=%20cancer%20AND%20covid-19%20since%3A"2020-02-23"
https://twitter.com/i/search/timeline?vertical=default&src=unkn&include_available_features=1&include_entities=1&max_position=thGAVUV0VFVBaAwL7d9dzZjiMWgMC1jfCLoY8jEjUAFQAlAFUAFQAA&reset_error_state=false&f=tweets&l=en&lang=en&q=%20cancer%20AND%20covid-19%20since%3A"2020-02-23"
https://twitter.com/i/search/timeline?vertical=default&src=unkn&include_available_features=1&include_entities=1&max_position=thGAVUV0VFVBaCgKe5mbvNjiMWgMC1jfCLoY8jEjUAFQAlAFUAFQAA&reset_error_state=false&f=tweets&l=en&lang=en&q=%20cancer%20AND%20covid-19%20since%3A"2020-02-23"
https://twitter.com/i/search/timeline?vertical=default&src=unkn&include_available_features=1&include_entities=1&max_position=thGAVUV0VFVBaAgKe16fXGjiMWgMC1jfCLoY8jEjUAFQAlAFUAFQAA&reset_error_state=false&f=tweets&l=en&lang=en&q=%20cancer%20AND%20covid-19%20since%3A"2020-02-23"
https://twitter.com/i/search/timeline?vertical=default&src=unkn&include_available_features=1&include_entities=1&max_position=thGAVUV0VFVBaEwLzlsIu8jiMWgMC1jfCLoY8jEjUAFQAlAFUAFQAA&reset_error_state=false&f=tweets&l=en&lang=en&q=%20cancer%20AND%20covid-19%20since%3A"2020-02-23"
https://twitter.com/i/search/timeline?vertical=default&src=unkn&include_available_features=1&include_entities=1&max_position=thGAVUV0VFVBaAwLXt2dW5jiMWgMC1jfCLoY8jEjUAFQAlAFUAFQAA&reset_error_state=false&f=tweets&l=en&lang=en&q=%20cancer%20AND%20covid-19%20since%3A"2020-02-23"
https://twitter.com/i/search/timeline?vertical=default&src=unkn&include_available_features=1&include_entities=1&max_position=thGAVUV0VFVBaIgKad_763jiMWgMC1jfCLoY8jEjUAFQAlAFUAFQAA&reset_error_state=false&f=tweets&l=en&lang=en&q=%20cancer%20AND%20covid-19%20since%3A"2020-02-23"
https://twitter.com/i/search/timeline?vertical=default&src=unkn&include_available_features=1&include_entities=1&max_position=thGAVUV0VFVBaAwKDd9rytjiMWgMC1jfCLoY8jEjUAFQAlAFUAFQAA&reset_error_state=false&f=tweets&l=en&lang=en&q=%20cancer%20AND%20covid-19%20since%3A"2020-02-23"
https://twitter.com/i/search/timeline?vertical=default&src=unkn&include_available_features=1&include_entities=1&max_position=thGAVUV0VFVBaCwL7BypSmjiMWgMC1jfCLoY8jEjUAFQAlAFUAFQAA&reset_error_state=false&f=tweets&l=en&lang=en&q=%20cancer%20AND%20covid-19%20since%3A"2020-02-23"
https://twitter.com/i/search/timeline?vertical=default&src=unkn&include_available_features=1&include_entities=1&max_position=thGAVUV0VFVBaCgLCBq7ifjiMWgMC1jfCLoY8jEjUAFQAlAFUAFQAA&reset_error_state=false&f=tweets&l=en&lang=en&q=%20cancer%20AND%20covid-19%20since%3A"2020-02-23"
https://twitter.com/i/search/timeline?vertical=default&src=unkn&include_available_features=1&include_entities=1&max_position=thGAVUV0VFVBaCgLD90oabjiMWgMC1jfCLoY8jEjUAFQAlAFUAFQAA&reset_error_state=false&f=tweets&l=en&lang=en&q=%20cancer%20AND%20covid-19%20since%3A"2020-02-23"
https://twitter.com/i/search/timeline?vertical=default&src=unkn&include_available_features=1&include_entities=1&max_position=thGAVUV0VFVBaEgKP98eOVjiMWgMC1jfCLoY8jEjUAFQAlAFUAFQAA&reset_error_state=false&f=tweets&l=en&lang=en&q=%20cancer%20AND%20covid-19%20since%3A"2020-02-23"
https://twitter.com/i/search/timeline?vertical=default&src=unkn&include_available_features=1&include_entities=1&max_position=thGAVUV0VFVBaGgLrFm-iLjiMWgMC1jfCLoY8jEjUAFQAlAFUAFQAA&reset_error_state=false&f=tweets&l=en&lang=en&q=%20cancer%20AND%20covid-19%20since%3A"2020-02-23"
https://twitter.com/i/search/timeline?vertical=default&src=unkn&include_available_features=1&include_entities=1&max_position=thGAVUV0VFVBaAwLT5gf2EjiMWgMC1jfCLoY8jEjUAFQAlAFUAFQAA&reset_error_state=false&f=tweets&l=en&lang=en&q=%20cancer%20AND%20covid-19%20since%3A"2020-02-23"
https://twitter.com/i/search/timeline?vertical=default&src=unkn&include_available_features=1&include_entities=1&max_position=thGAVUV0VFVBaCgLuhpJaBjiMWgMC1jfCLoY8jEjUAFQAlAFUAFQAA&reset_error_state=false&f=tweets&l=en&lang=en&q=%20cancer%20AND%20covid-19%20since%3A"2020-02-23"
https://twitter.com/i/search/timeline?vertical=default&src=unkn&include_available_features=1&include_entities=1&max_position=thGAVUV0VFVBaCgLrl_J38jSMWgMC1jfCLoY8jEjUAFQAlAFUAFQAA&reset_error_state=false&f=tweets&l=en&lang=en&q=%20cancer%20AND%20covid-19%20since%3A"2020-02-23"
https://twitter.com/i/search/timeline?vertical=default&src=unkn&include_available_features=1&include_entities=1&max_position=thGAVUV0VFVBaEwLTpqOv4jSMWgMC1jfCLoY8jEjUAFQAlAFUAFQAA&reset_error_state=false&f=tweets&l=en&lang=en&q=%20cancer%20AND%20covid-19%20since%3A"2020-02-23"
https://twitter.com/i/search/timeline?vertical=default&src=unkn&include_available_features=1&include_entities=1&max_position=thGAVUV0VFVBaGgLyVqODyjSMWgMC1jfCLoY8jEjUAFQAlAFUAFQAA&reset_error_state=false&f=tweets&l=en&lang=en&q=%20cancer%20AND%20covid-19%20since%3A"2020-02-23"
https://twitter.com/i/search/timeline?vertical=default&src=unkn&include_available_features=1&include_entities=1&max_position=thGAVUV0VFVBaCgLCN-5fujSMWgMC1jfCLoY8jEjUAFQAlAFUAFQAA&reset_error_state=false&f=tweets&l=en&lang=en&q=%20cancer%20AND%20covid-19%20since%3A"2020-02-23"
https://twitter.com/i/search/timeline?vertical=default&src=unkn&include_available_features=1&include_entities=1&max_position=thGAVUV0VFVBaMwLztgIvojSMWgMC1jfCLoY8jEjUAFQAlAFUAFQAA&reset_error_state=false&f=tweets&l=en&lang=en&q=%20cancer%20AND%20covid-19%20since%3A"2020-02-23"
https://twitter.com/i/search/timeline?vertical=default&src=unkn&include_available_features=1&include_entities=1&max_position=thGAVUV0VFVBaAgKfNoI7gjSMWgMC1jfCLoY8jEjUAFQAlAFUAFQAA&reset_error_state=false&f=tweets&l=en&lang=en&q=%20cancer%20AND%20covid-19%20since%3A"2020-02-23"
https://twitter.com/i/search/timeline?vertical=default&src=unkn&include_available_features=1&include_entities=1&max_position=thGAVUV0VFVBaKwL3Nl87WjSMWgMC1jfCLoY8jEjUAFQAlAFUAFQAA&reset_error_state=false&f=tweets&l=en&lang=en&q=%20cancer%20AND%20covid-19%20since%3A"2020-02-23"
https://twitter.com/i/search/timeline?vertical=default&src=unkn&include_available_features=1&include_entities=1&max_position=thGAVUV0VFVBaCwLy1hs3NjSMWgMC1jfCLoY8jEjUAFQAlAFUAFQAA&reset_error_state=false&f=tweets&l=en&lang=en&q=%20cancer%20AND%20covid-19%20since%3A"2020-02-23"
https://twitter.com/i/search/timeline?vertical=default&src=unkn&include_available_features=1&include_entities=1&max_position=thGAVUV0VFVBaAgLWJwKbFjSMWgMC1jfCLoY8jEjUAFQAlAFUAFQAA&reset_error_state=false&f=tweets&l=en&lang=en&q=%20cancer%20AND%20covid-19%20since%3A"2020-02-23"
https://twitter.com/i/search/timeline?vertical=default&src=unkn&include_available_features=1&include_entities=1&max_position=thGAVUV0VFVBaCgKPt0d-6jSMWgMC1jfCLoY8jEjUAFQAlAFUAFQAA&reset_error_state=false&f=tweets&l=en&lang=en&q=%20cancer%20AND%20covid-19%20since%3A"2020-02-23"
https://twitter.com/i/search/timeline?vertical=default&src=unkn&include_available_features=1&include_entities=1&max_position=thGAVUV0VFVBaCgLrhu7iujSMWgMC1jfCLoY8jEjUAFQAlAFUAFQAA&reset_error_state=false&f=tweets&l=en&lang=en&q=%20cancer%20AND%20covid-19%20since%3A"2020-02-23"
https://twitter.com/i/search/timeline?vertical=default&src=unkn&include_available_features=1&include_entities=1&max_position=thGAVUV0VFVBaEgKORm8CojSMWgMC1jfCLoY8jEjUAFQAlAFUAFQAA&reset_error_state=false&f=tweets&l=en&lang=en&q=%20cancer%20AND%20covid-19%20since%3A"2020-02-23"
https://twitter.com/i/search/timeline?vertical=default&src=unkn&include_available_features=1&include_entities=1&max_position=thGAVUV0VFVBaCgLXF0LqgjSMWgMC1jfCLoY8jEjUAFQAlAFUAFQAA&reset_error_state=false&f=tweets&l=en&lang=en&q=%20cancer%20AND%20covid-19%20since%3A"2020-02-23"
https://twitter.com/i/search/timeline?vertical=default&src=unkn&include_available_features=1&include_entities=1&max_position=thGAVUV0VFVBaAgLWl5emZjSMWgMC1jfCLoY8jEjUAFQAlAFUAFQAA&reset_error_state=false&f=tweets&l=en&lang=en&q=%20cancer%20AND%20covid-19%20since%3A"2020-02-23"
https://twitter.com/i/search/timeline?vertical=default&src=unkn&include_available_features=1&include_entities=1&max_position=thGAVUV0VFVBaAgKi93oCSjSMWgMC1jfCLoY8jEjUAFQAlAFUAFQAA&reset_error_state=false&f=tweets&l=en&lang=en&q=%20cancer%20AND%20covid-19%20since%3A"2020-02-23"
https://twitter.com/i/search/timeline?vertical=default&src=unkn&include_available_features=1&include_entities=1&max_position=thGAVUV0VFVBaCgKbxxdWKjSMWgMC1jfCLoY8jEjUAFQAlAFUAFQAA&reset_error_state=false&f=tweets&l=en&lang=en&q=%20cancer%20AND%20covid-19%20since%3A"2020-02-23"
https://twitter.com/i/search/timeline?vertical=default&src=unkn&include_available_features=1&include_entities=1&max_position=thGAVUV0VFVBaEwL3ltZKEjSMWgMC1jfCLoY8jEjUAFQAlAFUAFQAA&reset_error_state=false&f=tweets&l=en&lang=en&q=%20cancer%20AND%20covid-19%20since%3A"2020-02-23"
https://twitter.com/i/search/timeline?vertical=default&src=unkn&include_available_features=1&include_entities=1&max_position=thGAVUV0VFVBaCgLvhkZP-jCMWgMC1jfCLoY8jEjUAFQAlAFUAFQAA&reset_error_state=false&f=tweets&l=en&lang=en&q=%20cancer%20AND%20covid-19%20since%3A"2020-02-23"
https://twitter.com/i/search/timeline?vertical=default&src=unkn&include_available_features=1&include_entities=1&max_position=thGAVUV0VFVBaAwKfB4of5jCMWgMC1jfCLoY8jEjUAFQAlAFUAFQAA&reset_error_state=false&f=tweets&l=en&lang=en&q=%20cancer%20AND%20covid-19%20since%3A"2020-02-23"
https://twitter.com/i/search/timeline?vertical=default&src=unkn&include_available_features=1&include_entities=1&max_position=thGAVUV0VFVBaOgLCllOrzjCMWgMC1jfCLoY8jEjUAFQAlAFUAFQAA&reset_error_state=false&f=tweets&l=en&lang=en&q=%20cancer%20AND%20covid-19%20since%3A"2020-02-23"
https://twitter.com/i/search/timeline?vertical=default&src=unkn&include_available_features=1&include_entities=1&max_position=thGAVUV0VFVBaEwLz1n5HsjCMWgMC1jfCLoY8jEjUAFQAlAFUAFQAA&reset_error_state=false&f=tweets&l=en&lang=en&q=%20cancer%20AND%20covid-19%20since%3A"2020-02-23"
https://twitter.com/i/search/timeline?vertical=default&src=unkn&include_available_features=1&include_entities=1&max_position=thGAVUV0VFVBaAwL35jrXnjCMWgMC1jfCLoY8jEjUAFQAlAFUAFQAA&reset_error_state=false&f=tweets&l=en&lang=en&q=%20cancer%20AND%20covid-19%20since%3A"2020-02-23"
https://twitter.com/i/search/timeline?vertical=default&src=unkn&include_available_features=1&include_entities=1&max_position=thGAVUV0VFVBaMgLuVncvjjCMWgMC1jfCLoY8jEjUAFQAlAFUAFQAA&reset_error_state=false&f=tweets&l=en&lang=en&q=%20cancer%20AND%20covid-19%20since%3A"2020-02-23"
https://twitter.com/i/search/timeline?vertical=default&src=unkn&include_available_features=1&include_entities=1&max_position=thGAVUV0VFVBaCwL3dg9fgjCMWgMC1jfCLoY8jEjUAFQAlAFUAFQAA&reset_error_state=false&f=tweets&l=en&lang=en&q=%20cancer%20AND%20covid-19%20since%3A"2020-02-23"
https://twitter.com/i/search/timeline?vertical=default&src=unkn&include_available_features=1&include_entities=1&max_position=thGAVUV0VFVBaCgKiNgdvejCMWgMC1jfCLoY8jEjUAFQAlAFUAFQAA&reset_error_state=false&f=tweets&l=en&lang=en&q=%20cancer%20AND%20covid-19%20since%3A"2020-02-23"
https://twitter.com/i/search/timeline?vertical=default&src=unkn&include_available_features=1&include_entities=1&max_position=thGAVUV0VFVBaCwKCFyJXdjCMWgMC1jfCLoY8jEjUAFQAlAFUAFQAA&reset_error_state=false&f=tweets&l=en&lang=en&q=%20cancer%20AND%20covid-19%20since%3A"2020-02-23"
https://twitter.com/i/search/timeline?vertical=default&src=unkn&include_available_features=1&include_entities=1&max_position=thGAVUV0VFVBaYgLWtkKTajCMWgMC1jfCLoY8jEjUAFQAlAFUAFQAA&reset_error_state=false&f=tweets&l=en&lang=en&q=%20cancer%20AND%20covid-19%20since%3A"2020-02-23"
https://twitter.com/i/search/timeline?vertical=default&src=unkn&include_available_features=1&include_entities=1&max_position=thGAVUV0VFVBaAgLrtyeLWjCMWgMC1jfCLoY8jEjUAFQAlAFUAFQAA&reset_error_state=false&f=tweets&l=en&lang=en&q=%20cancer%20AND%20covid-19%20since%3A"2020-02-23"
https://twitter.com/i/search/timeline?vertical=default&src=unkn&include_available_features=1&include_entities=1&max_position=thGAVUV0VFVBaCwKH19LLSjCMWgMC1jfCLoY8jEjUAFQAlAFUAFQAA&reset_error_state=false&f=tweets&l=en&lang=en&q=%20cancer%20AND%20covid-19%20since%3A"2020-02-23"
https://twitter.com/i/search/timeline?vertical=default&src=unkn&include_available_features=1&include_entities=1&max_position=thGAVUV0VFVBaMgLy5xI3NjCMWgMC1jfCLoY8jEjUAFQAlAFUAFQAA&reset_error_state=false&f=tweets&l=en&lang=en&q=%20cancer%20AND%20covid-19%20since%3A"2020-02-23"
https://twitter.com/i/search/timeline?vertical=default&src=unkn&include_available_features=1&include_entities=1&max_position=thGAVUV0VFVBaEwKbh37HIjCMWgMC1jfCLoY8jEjUAFQAlAFUAFQAA&reset_error_state=false&f=tweets&l=en&lang=en&q=%20cancer%20AND%20covid-19%20since%3A"2020-02-23"
https://twitter.com/i/search/timeline?vertical=default&src=unkn&include_available_features=1&include_entities=1&max_position=thGAVUV0VFVBaCgLW58q3CjCMWgMC1jfCLoY8jEjUAFQAlAFUAFQAA&reset_error_state=false&f=tweets&l=en&lang=en&q=%20cancer%20AND%20covid-19%20since%3A"2020-02-23"
https://twitter.com/i/search/timeline?vertical=default&src=unkn&include_available_features=1&include_entities=1&max_position=thGAVUV0VFVBaCwLXRisC9jCMWgMC1jfCLoY8jEjUAFQAlAFUAFQAA&reset_error_state=false&f=tweets&l=en&lang=en&q=%20cancer%20AND%20covid-19%20since%3A"2020-02-23"
https://twitter.com/i/search/timeline?vertical=default&src=unkn&include_available_features=1&include_entities=1&max_position=thGAVUV0VFVBaEgLCNiK-0jCMWgMC1jfCLoY8jEjUAFQAlAFUAFQAA&reset_error_state=false&f=tweets&l=en&lang=en&q=%20cancer%20AND%20covid-19%20since%3A"2020-02-23"
https://twitter.com/i/search/timeline?vertical=default&src=unkn&include_available_features=1&include_entities=1&max_position=thGAVUV0VFVBaAgLylieuqjCMWgMC1jfCLoY8jEjUAFQAlAFUAFQAA&reset_error_state=false&f=tweets&l=en&lang=en&q=%20cancer%20AND%20covid-19%20since%3A"2020-02-23"
https://twitter.com/i/search/timeline?vertical=default&src=unkn&include_available_features=1&include_entities=1&max_position=thGAVUV0VFVBaAwLzB7NakjCMWgMC1jfCLoY8jEjUAFQAlAFUAFQAA&reset_error_state=false&f=tweets&l=en&lang=en&q=%20cancer%20AND%20covid-19%20since%3A"2020-02-23"
https://twitter.com/i/search/timeline?vertical=default&src=unkn&include_available_features=1&include_entities=1&max_position=thGAVUV0VFVBaAwLWt0sOWjCMWgMC1jfCLoY8jEjUAFQAlAFUAFQAA&reset_error_state=false&f=tweets&l=en&lang=en&q=%20cancer%20AND%20covid-19%20since%3A"2020-02-23"
https://twitter.com/i/search/timeline?vertical=default&src=unkn&include_available_features=1&include_entities=1&max_position=thGAVUV0VFVBaCwL6h0ayMjCMWgMC1jfCLoY8jEjUAFQAlAFUAFQAA&reset_error_state=false&f=tweets&l=en&lang=en&q=%20cancer%20AND%20covid-19%20since%3A"2020-02-23"
https://twitter.com/i/search/timeline?vertical=default&src=unkn&include_available_features=1&include_entities=1&max_position=thGAVUV0VFVBaAwKD1-uqCjCMWgMC1jfCLoY8jEjUAFQAlAFUAFQAA&reset_error_state=false&f=tweets&l=en&lang=en&q=%20cancer%20AND%20covid-19%20since%3A"2020-02-23"
https://twitter.com/i/search/timeline?vertical=default&src=unkn&include_available_features=1&include_entities=1&max_position=thGAVUV0VFVBaAwL21xaL7iyMWgMC1jfCLoY8jEjUAFQAlAFUAFQAA&reset_error_state=false&f=tweets&l=en&lang=en&q=%20cancer%20AND%20covid-19%20since%3A"2020-02-23"
